<?xml version="1.0" encoding="UTF-8"?>
<!-- Generated by org.testng.reporters.JUnitXMLReporter -->
<testsuite ignored="0" hostname="DESKTOP-U82BQEA" failures="0" tests="56" name="Surefire test" time="13.696" errors="0" timestamp="2018-10-29T21:28:38 SEČ">
  <testcase classname="cz.muni.fi.pa165.smartphonEShop.dao.AddressDaoTest" name="createNull" time="0.003"/>
  <testcase classname="cz.muni.fi.pa165.smartphonEShop.dao.AddressDaoTest" name="delete" time="0.892"/>
  <testcase classname="cz.muni.fi.pa165.smartphonEShop.dao.AddressDaoTest" name="deleteNull" time="0.0"/>
  <testcase classname="cz.muni.fi.pa165.smartphonEShop.dao.AddressDaoTest" name="findAll" time="0.016"/>
  <testcase classname="cz.muni.fi.pa165.smartphonEShop.dao.AddressDaoTest" name="findById" time="0.003"/>
  <testcase classname="cz.muni.fi.pa165.smartphonEShop.dao.AddressDaoTest" name="findByIdNegative" time="0.0"/>
  <testcase classname="cz.muni.fi.pa165.smartphonEShop.dao.AddressDaoTest" name="findByIdNull" time="0.007"/>
  <testcase classname="cz.muni.fi.pa165.smartphonEShop.dao.AddressDaoTest" name="update" time="0.015"/>
  <testcase classname="cz.muni.fi.pa165.smartphonEShop.dao.AddressDaoTest" name="updateNull" time="0.001"/>
  <testcase classname="cz.muni.fi.pa165.smartphonEShop.dao.ClaimDaoTest" name="create" time="0.186"/>
  <testcase classname="cz.muni.fi.pa165.smartphonEShop.dao.ClaimDaoTest" name="createNull" time="0.001"/>
  <testcase classname="cz.muni.fi.pa165.smartphonEShop.dao.ClaimDaoTest" name="delete" time="0.245"/>
  <testcase classname="cz.muni.fi.pa165.smartphonEShop.dao.ClaimDaoTest" name="deleteNull" time="0.001"/>
  <testcase classname="cz.muni.fi.pa165.smartphonEShop.dao.ClaimDaoTest" name="findAll" time="0.094"/>
  <testcase classname="cz.muni.fi.pa165.smartphonEShop.dao.ClaimDaoTest" name="findById" time="0.006"/>
  <testcase classname="cz.muni.fi.pa165.smartphonEShop.dao.ClaimDaoTest" name="findByIdNegative" time="0.0"/>
  <testcase classname="cz.muni.fi.pa165.smartphonEShop.dao.ClaimDaoTest" name="findByIdNull" time="0.0"/>
  <testcase classname="cz.muni.fi.pa165.smartphonEShop.dao.ClaimDaoTest" name="update" time="0.003"/>
  <testcase classname="cz.muni.fi.pa165.smartphonEShop.dao.ClaimDaoTest" name="updateNull" time="0.001"/>
  <testcase classname="cz.muni.fi.pa165.smartphonEShop.dao.OrderDaoTest" name="create" time="0.003"/>
  <testcase classname="cz.muni.fi.pa165.smartphonEShop.dao.OrderDaoTest" name="createNull" time="0.0"/>
  <testcase classname="cz.muni.fi.pa165.smartphonEShop.dao.OrderDaoTest" name="delete" time="0.212"/>
  <testcase classname="cz.muni.fi.pa165.smartphonEShop.dao.OrderDaoTest" name="deleteNull" time="0.0"/>
  <testcase classname="cz.muni.fi.pa165.smartphonEShop.dao.OrderDaoTest" name="findAll" time="0.03"/>
  <testcase classname="cz.muni.fi.pa165.smartphonEShop.dao.OrderDaoTest" name="findById" time="0.024"/>
  <testcase classname="cz.muni.fi.pa165.smartphonEShop.dao.OrderDaoTest" name="findByIdNegative" time="0.001"/>
  <testcase classname="cz.muni.fi.pa165.smartphonEShop.dao.OrderDaoTest" name="findByIdNull" time="0.0"/>
  <testcase classname="cz.muni.fi.pa165.smartphonEShop.dao.OrderDaoTest" name="update" time="0.004"/>
  <testcase classname="cz.muni.fi.pa165.smartphonEShop.dao.OrderDaoTest" name="updateNull" time="0.0"/>
  <testcase classname="cz.muni.fi.pa165.smartphonEShop.dao.PersonDaoTest" name="createNull" time="0.0"/>
  <testcase classname="cz.muni.fi.pa165.smartphonEShop.dao.PersonDaoTest" name="delete" time="0.126"/>
  <testcase classname="cz.muni.fi.pa165.smartphonEShop.dao.PersonDaoTest" name="deleteNull" time="0.001"/>
  <testcase classname="cz.muni.fi.pa165.smartphonEShop.dao.PersonDaoTest" name="findAll" time="0.044"/>
  <testcase classname="cz.muni.fi.pa165.smartphonEShop.dao.PersonDaoTest" name="findById" time="0.008"/>
  <testcase classname="cz.muni.fi.pa165.smartphonEShop.dao.PersonDaoTest" name="findByIdNegative" time="0.0"/>
  <testcase classname="cz.muni.fi.pa165.smartphonEShop.dao.PersonDaoTest" name="findByIdNull" time="0.0"/>
  <testcase classname="cz.muni.fi.pa165.smartphonEShop.dao.PersonDaoTest" name="update" time="0.002"/>
  <testcase classname="cz.muni.fi.pa165.smartphonEShop.dao.PersonDaoTest" name="updateNull" time="0.0"/>
  <testcase classname="cz.muni.fi.pa165.smartphonEShop.dao.PhoneDaoTest" name="createNull" time="0.0"/>
  <testcase classname="cz.muni.fi.pa165.smartphonEShop.dao.PhoneDaoTest" name="delete" time="0.19"/>
  <testcase classname="cz.muni.fi.pa165.smartphonEShop.dao.PhoneDaoTest" name="deleteNull" time="0.001"/>
  <testcase classname="cz.muni.fi.pa165.smartphonEShop.dao.PhoneDaoTest" name="findAll" time="0.039"/>
  <testcase classname="cz.muni.fi.pa165.smartphonEShop.dao.PhoneDaoTest" name="findById" time="0.024"/>
  <testcase classname="cz.muni.fi.pa165.smartphonEShop.dao.PhoneDaoTest" name="findByIdNegative" time="0.0"/>
  <testcase classname="cz.muni.fi.pa165.smartphonEShop.dao.PhoneDaoTest" name="findByIdNull" time="0.001"/>
  <testcase classname="cz.muni.fi.pa165.smartphonEShop.dao.PhoneDaoTest" name="update" time="0.007"/>
  <testcase classname="cz.muni.fi.pa165.smartphonEShop.dao.PhoneDaoTest" name="updateNull" time="0.001"/>
  <testcase classname="cz.muni.fi.pa165.smartphonEShop.dao.StockDaoTest" name="createNull" time="0.001"/>
  <testcase classname="cz.muni.fi.pa165.smartphonEShop.dao.StockDaoTest" name="delete" time="0.073"/>
  <testcase classname="cz.muni.fi.pa165.smartphonEShop.dao.StockDaoTest" name="deleteNull" time="0.001"/>
  <testcase classname="cz.muni.fi.pa165.smartphonEShop.dao.StockDaoTest" name="findAll" time="0.023"/>
  <testcase classname="cz.muni.fi.pa165.smartphonEShop.dao.StockDaoTest" name="findById" time="0.017"/>
  <testcase classname="cz.muni.fi.pa165.smartphonEShop.dao.StockDaoTest" name="findByIdNegative" time="0.001"/>
  <testcase classname="cz.muni.fi.pa165.smartphonEShop.dao.StockDaoTest" name="findByIdNull" time="0.001"/>
  <testcase classname="cz.muni.fi.pa165.smartphonEShop.dao.StockDaoTest" name="update" time="0.014"/>
  <testcase classname="cz.muni.fi.pa165.smartphonEShop.dao.StockDaoTest" name="updateNull" time="0.021"/>
</testsuite> <!-- Surefire test -->
