<?xml version="1.0" encoding="UTF-8"?>
<!-- Generated by org.testng.reporters.JUnitXMLReporter -->
<testsuite hostname="nymfe10" ignored="0" name="Surefire test" tests="8" failures="0" timestamp="2018-12-13T08:27:30 CET" time="2.92" errors="0">
  <testcase name="getClaimTest" time="0.13" classname="cz.muni.fi.pa165.smartphonEShop.rest.ClaimsControllerTest"/>
  <testcase name="getClaimsTest" time="0.014" classname="cz.muni.fi.pa165.smartphonEShop.rest.ClaimsControllerTest"/>
  <testcase name="getPeopleTest" time="0.008" classname="cz.muni.fi.pa165.smartphonEShop.rest.PeopleControllerTest"/>
  <testcase name="getPersonByMailTest" time="0.007" classname="cz.muni.fi.pa165.smartphonEShop.rest.PeopleControllerTest"/>
  <testcase name="getPersonByPhoneNumberTest" time="0.003" classname="cz.muni.fi.pa165.smartphonEShop.rest.PeopleControllerTest"/>
  <testcase name="getPersonTest" time="0.002" classname="cz.muni.fi.pa165.smartphonEShop.rest.PeopleControllerTest"/>
  <testcase name="getPhoneTest" time="0.003" classname="cz.muni.fi.pa165.smartphonEShop.rest.PhonesControllerTest"/>
  <testcase name="getPhonesTest" time="0.001" classname="cz.muni.fi.pa165.smartphonEShop.rest.PhonesControllerTest"/>
</testsuite> <!-- Surefire test -->
