<?xml version="1.0" encoding="UTF-8"?>
<testng-results skipped="0" failed="0" ignored="0" total="8" passed="8">
  <reporter-output>
  </reporter-output>
  <suite name="Surefire suite" duration-ms="2920" started-at="2018-12-13T08:27:27 CET" finished-at="2018-12-13T08:27:30 CET">
    <groups>
    </groups>
    <test name="Surefire test" duration-ms="2920" started-at="2018-12-13T08:27:27 CET" finished-at="2018-12-13T08:27:30 CET">
      <class name="cz.muni.fi.pa165.smartphonEShop.rest.PhonesControllerTest">
        <test-method status="PASS" signature="setup()[pri:0, instance:cz.muni.fi.pa165.smartphonEShop.rest.PhonesControllerTest@17baae6e]" name="setup" is-config="true" duration-ms="10" started-at="2018-12-13T08:27:30 CET" finished-at="2018-12-13T08:27:30 CET">
          <reporter-output>
          </reporter-output>
        </test-method> <!-- setup -->
        <test-method status="PASS" signature="testPrepare()[pri:0, instance:cz.muni.fi.pa165.smartphonEShop.rest.PhonesControllerTest@17baae6e]" name="testPrepare" is-config="true" duration-ms="0" started-at="2018-12-13T08:27:30 CET" finished-at="2018-12-13T08:27:30 CET">
          <reporter-output>
          </reporter-output>
        </test-method> <!-- testPrepare -->
        <test-method status="PASS" signature="getPhoneTest()[pri:0, instance:cz.muni.fi.pa165.smartphonEShop.rest.PhonesControllerTest@17baae6e]" name="getPhoneTest" duration-ms="3" started-at="2018-12-13T08:27:30 CET" finished-at="2018-12-13T08:27:30 CET">
          <reporter-output>
          </reporter-output>
        </test-method> <!-- getPhoneTest -->
        <test-method status="PASS" signature="testPrepare()[pri:0, instance:cz.muni.fi.pa165.smartphonEShop.rest.PhonesControllerTest@17baae6e]" name="testPrepare" is-config="true" duration-ms="0" started-at="2018-12-13T08:27:30 CET" finished-at="2018-12-13T08:27:30 CET">
          <reporter-output>
          </reporter-output>
        </test-method> <!-- testPrepare -->
        <test-method status="PASS" signature="getPhonesTest()[pri:0, instance:cz.muni.fi.pa165.smartphonEShop.rest.PhonesControllerTest@17baae6e]" name="getPhonesTest" duration-ms="1" started-at="2018-12-13T08:27:30 CET" finished-at="2018-12-13T08:27:30 CET">
          <reporter-output>
          </reporter-output>
        </test-method> <!-- getPhonesTest -->
      </class> <!-- cz.muni.fi.pa165.smartphonEShop.rest.PhonesControllerTest -->
      <class name="cz.muni.fi.pa165.smartphonEShop.rest.ClaimsControllerTest">
        <test-method status="PASS" signature="setup()[pri:0, instance:cz.muni.fi.pa165.smartphonEShop.rest.ClaimsControllerTest@2698dc7]" name="setup" is-config="true" duration-ms="377" started-at="2018-12-13T08:27:27 CET" finished-at="2018-12-13T08:27:27 CET">
          <reporter-output>
          </reporter-output>
        </test-method> <!-- setup -->
        <test-method status="PASS" signature="testPrepare()[pri:0, instance:cz.muni.fi.pa165.smartphonEShop.rest.ClaimsControllerTest@2698dc7]" name="testPrepare" is-config="true" duration-ms="1" started-at="2018-12-13T08:27:27 CET" finished-at="2018-12-13T08:27:27 CET">
          <reporter-output>
          </reporter-output>
        </test-method> <!-- testPrepare -->
        <test-method status="PASS" signature="getClaimTest()[pri:0, instance:cz.muni.fi.pa165.smartphonEShop.rest.ClaimsControllerTest@2698dc7]" name="getClaimTest" duration-ms="130" started-at="2018-12-13T08:27:27 CET" finished-at="2018-12-13T08:27:27 CET">
          <reporter-output>
          </reporter-output>
        </test-method> <!-- getClaimTest -->
        <test-method status="PASS" signature="getClaimsTest()[pri:0, instance:cz.muni.fi.pa165.smartphonEShop.rest.ClaimsControllerTest@2698dc7]" name="getClaimsTest" duration-ms="14" started-at="2018-12-13T08:27:27 CET" finished-at="2018-12-13T08:27:27 CET">
          <reporter-output>
          </reporter-output>
        </test-method> <!-- getClaimsTest -->
        <test-method status="PASS" signature="testPrepare()[pri:0, instance:cz.muni.fi.pa165.smartphonEShop.rest.ClaimsControllerTest@2698dc7]" name="testPrepare" is-config="true" duration-ms="0" started-at="2018-12-13T08:27:27 CET" finished-at="2018-12-13T08:27:27 CET">
          <reporter-output>
          </reporter-output>
        </test-method> <!-- testPrepare -->
      </class> <!-- cz.muni.fi.pa165.smartphonEShop.rest.ClaimsControllerTest -->
      <class name="cz.muni.fi.pa165.smartphonEShop.rest.PeopleControllerTest">
        <test-method status="PASS" signature="springTestContextBeforeTestClass()[pri:0, instance:cz.muni.fi.pa165.smartphonEShop.rest.PeopleControllerTest@43d7741f]" name="springTestContextBeforeTestClass" is-config="true" duration-ms="1" started-at="2018-12-13T08:27:27 CET" finished-at="2018-12-13T08:27:27 CET">
          <reporter-output>
          </reporter-output>
        </test-method> <!-- springTestContextBeforeTestClass -->
        <test-method status="PASS" signature="springTestContextPrepareTestInstance()[pri:0, instance:cz.muni.fi.pa165.smartphonEShop.rest.PeopleControllerTest@43d7741f]" name="springTestContextPrepareTestInstance" is-config="true" duration-ms="2334" started-at="2018-12-13T08:27:27 CET" depends-on-methods="org.springframework.test.context.testng.AbstractTestNGSpringContextTests.springTestContextBeforeTestClass" finished-at="2018-12-13T08:27:30 CET">
          <reporter-output>
          </reporter-output>
        </test-method> <!-- springTestContextPrepareTestInstance -->
        <test-method status="PASS" signature="setup()[pri:0, instance:cz.muni.fi.pa165.smartphonEShop.rest.PeopleControllerTest@43d7741f]" name="setup" is-config="true" duration-ms="10" started-at="2018-12-13T08:27:30 CET" finished-at="2018-12-13T08:27:30 CET">
          <reporter-output>
          </reporter-output>
        </test-method> <!-- setup -->
        <test-method status="PASS" signature="springTestContextBeforeTestMethod(java.lang.reflect.Method)[pri:0, instance:cz.muni.fi.pa165.smartphonEShop.rest.PeopleControllerTest@43d7741f]" name="springTestContextBeforeTestMethod" is-config="true" duration-ms="1" started-at="2018-12-13T08:27:30 CET" finished-at="2018-12-13T08:27:30 CET">
          <params>
            <param index="0">
              <value>
                <![CDATA[public void cz.muni.fi.pa165.smartphonEShop.rest.PeopleControllerTest.getPeopleTest() throws java.lang.Exception]]>
              </value>
            </param>
          </params>
          <reporter-output>
          </reporter-output>
        </test-method> <!-- springTestContextBeforeTestMethod -->
        <test-method status="PASS" signature="getPeopleTest()[pri:0, instance:cz.muni.fi.pa165.smartphonEShop.rest.PeopleControllerTest@43d7741f]" name="getPeopleTest" duration-ms="8" started-at="2018-12-13T08:27:30 CET" finished-at="2018-12-13T08:27:30 CET">
          <reporter-output>
          </reporter-output>
        </test-method> <!-- getPeopleTest -->
        <test-method status="PASS" signature="testPrepare()[pri:0, instance:cz.muni.fi.pa165.smartphonEShop.rest.PeopleControllerTest@43d7741f]" name="testPrepare" is-config="true" duration-ms="0" started-at="2018-12-13T08:27:30 CET" finished-at="2018-12-13T08:27:30 CET">
          <reporter-output>
          </reporter-output>
        </test-method> <!-- testPrepare -->
        <test-method status="PASS" signature="springTestContextAfterTestMethod(java.lang.reflect.Method)[pri:0, instance:cz.muni.fi.pa165.smartphonEShop.rest.PeopleControllerTest@43d7741f]" name="springTestContextAfterTestMethod" is-config="true" duration-ms="1" started-at="2018-12-13T08:27:30 CET" finished-at="2018-12-13T08:27:30 CET">
          <params>
            <param index="0">
              <value>
                <![CDATA[public void cz.muni.fi.pa165.smartphonEShop.rest.PeopleControllerTest.getPeopleTest() throws java.lang.Exception]]>
              </value>
            </param>
          </params>
          <reporter-output>
          </reporter-output>
        </test-method> <!-- springTestContextAfterTestMethod -->
        <test-method status="PASS" signature="springTestContextBeforeTestMethod(java.lang.reflect.Method)[pri:0, instance:cz.muni.fi.pa165.smartphonEShop.rest.PeopleControllerTest@43d7741f]" name="springTestContextBeforeTestMethod" is-config="true" duration-ms="0" started-at="2018-12-13T08:27:30 CET" finished-at="2018-12-13T08:27:30 CET">
          <params>
            <param index="0">
              <value>
                <![CDATA[public void cz.muni.fi.pa165.smartphonEShop.rest.PeopleControllerTest.getPersonByMailTest() throws java.lang.Exception]]>
              </value>
            </param>
          </params>
          <reporter-output>
          </reporter-output>
        </test-method> <!-- springTestContextBeforeTestMethod -->
        <test-method status="PASS" signature="getPersonByMailTest()[pri:0, instance:cz.muni.fi.pa165.smartphonEShop.rest.PeopleControllerTest@43d7741f]" name="getPersonByMailTest" duration-ms="7" started-at="2018-12-13T08:27:30 CET" finished-at="2018-12-13T08:27:30 CET">
          <reporter-output>
          </reporter-output>
        </test-method> <!-- getPersonByMailTest -->
        <test-method status="PASS" signature="testPrepare()[pri:0, instance:cz.muni.fi.pa165.smartphonEShop.rest.PeopleControllerTest@43d7741f]" name="testPrepare" is-config="true" duration-ms="0" started-at="2018-12-13T08:27:30 CET" finished-at="2018-12-13T08:27:30 CET">
          <reporter-output>
          </reporter-output>
        </test-method> <!-- testPrepare -->
        <test-method status="PASS" signature="springTestContextAfterTestMethod(java.lang.reflect.Method)[pri:0, instance:cz.muni.fi.pa165.smartphonEShop.rest.PeopleControllerTest@43d7741f]" name="springTestContextAfterTestMethod" is-config="true" duration-ms="1" started-at="2018-12-13T08:27:30 CET" finished-at="2018-12-13T08:27:30 CET">
          <params>
            <param index="0">
              <value>
                <![CDATA[public void cz.muni.fi.pa165.smartphonEShop.rest.PeopleControllerTest.getPersonByMailTest() throws java.lang.Exception]]>
              </value>
            </param>
          </params>
          <reporter-output>
          </reporter-output>
        </test-method> <!-- springTestContextAfterTestMethod -->
        <test-method status="PASS" signature="springTestContextBeforeTestMethod(java.lang.reflect.Method)[pri:0, instance:cz.muni.fi.pa165.smartphonEShop.rest.PeopleControllerTest@43d7741f]" name="springTestContextBeforeTestMethod" is-config="true" duration-ms="0" started-at="2018-12-13T08:27:30 CET" finished-at="2018-12-13T08:27:30 CET">
          <params>
            <param index="0">
              <value>
                <![CDATA[public void cz.muni.fi.pa165.smartphonEShop.rest.PeopleControllerTest.getPersonByPhoneNumberTest() throws java.lang.Exception]]>
              </value>
            </param>
          </params>
          <reporter-output>
          </reporter-output>
        </test-method> <!-- springTestContextBeforeTestMethod -->
        <test-method status="PASS" signature="getPersonByPhoneNumberTest()[pri:0, instance:cz.muni.fi.pa165.smartphonEShop.rest.PeopleControllerTest@43d7741f]" name="getPersonByPhoneNumberTest" duration-ms="3" started-at="2018-12-13T08:27:30 CET" finished-at="2018-12-13T08:27:30 CET">
          <reporter-output>
          </reporter-output>
        </test-method> <!-- getPersonByPhoneNumberTest -->
        <test-method status="PASS" signature="testPrepare()[pri:0, instance:cz.muni.fi.pa165.smartphonEShop.rest.PeopleControllerTest@43d7741f]" name="testPrepare" is-config="true" duration-ms="0" started-at="2018-12-13T08:27:30 CET" finished-at="2018-12-13T08:27:30 CET">
          <reporter-output>
          </reporter-output>
        </test-method> <!-- testPrepare -->
        <test-method status="PASS" signature="springTestContextAfterTestMethod(java.lang.reflect.Method)[pri:0, instance:cz.muni.fi.pa165.smartphonEShop.rest.PeopleControllerTest@43d7741f]" name="springTestContextAfterTestMethod" is-config="true" duration-ms="0" started-at="2018-12-13T08:27:30 CET" finished-at="2018-12-13T08:27:30 CET">
          <params>
            <param index="0">
              <value>
                <![CDATA[public void cz.muni.fi.pa165.smartphonEShop.rest.PeopleControllerTest.getPersonByPhoneNumberTest() throws java.lang.Exception]]>
              </value>
            </param>
          </params>
          <reporter-output>
          </reporter-output>
        </test-method> <!-- springTestContextAfterTestMethod -->
        <test-method status="PASS" signature="testPrepare()[pri:0, instance:cz.muni.fi.pa165.smartphonEShop.rest.PeopleControllerTest@43d7741f]" name="testPrepare" is-config="true" duration-ms="0" started-at="2018-12-13T08:27:30 CET" finished-at="2018-12-13T08:27:30 CET">
          <reporter-output>
          </reporter-output>
        </test-method> <!-- testPrepare -->
        <test-method status="PASS" signature="springTestContextBeforeTestMethod(java.lang.reflect.Method)[pri:0, instance:cz.muni.fi.pa165.smartphonEShop.rest.PeopleControllerTest@43d7741f]" name="springTestContextBeforeTestMethod" is-config="true" duration-ms="0" started-at="2018-12-13T08:27:30 CET" finished-at="2018-12-13T08:27:30 CET">
          <params>
            <param index="0">
              <value>
                <![CDATA[public void cz.muni.fi.pa165.smartphonEShop.rest.PeopleControllerTest.getPersonTest() throws java.lang.Exception]]>
              </value>
            </param>
          </params>
          <reporter-output>
          </reporter-output>
        </test-method> <!-- springTestContextBeforeTestMethod -->
        <test-method status="PASS" signature="getPersonTest()[pri:0, instance:cz.muni.fi.pa165.smartphonEShop.rest.PeopleControllerTest@43d7741f]" name="getPersonTest" duration-ms="2" started-at="2018-12-13T08:27:30 CET" finished-at="2018-12-13T08:27:30 CET">
          <reporter-output>
          </reporter-output>
        </test-method> <!-- getPersonTest -->
        <test-method status="PASS" signature="springTestContextAfterTestClass()[pri:0, instance:cz.muni.fi.pa165.smartphonEShop.rest.PeopleControllerTest@43d7741f]" name="springTestContextAfterTestClass" is-config="true" duration-ms="0" started-at="2018-12-13T08:27:30 CET" finished-at="2018-12-13T08:27:30 CET">
          <reporter-output>
          </reporter-output>
        </test-method> <!-- springTestContextAfterTestClass -->
        <test-method status="PASS" signature="springTestContextAfterTestMethod(java.lang.reflect.Method)[pri:0, instance:cz.muni.fi.pa165.smartphonEShop.rest.PeopleControllerTest@43d7741f]" name="springTestContextAfterTestMethod" is-config="true" duration-ms="0" started-at="2018-12-13T08:27:30 CET" finished-at="2018-12-13T08:27:30 CET">
          <params>
            <param index="0">
              <value>
                <![CDATA[public void cz.muni.fi.pa165.smartphonEShop.rest.PeopleControllerTest.getPersonTest() throws java.lang.Exception]]>
              </value>
            </param>
          </params>
          <reporter-output>
          </reporter-output>
        </test-method> <!-- springTestContextAfterTestMethod -->
      </class> <!-- cz.muni.fi.pa165.smartphonEShop.rest.PeopleControllerTest -->
    </test> <!-- Surefire test -->
  </suite> <!-- Surefire suite -->
</testng-results>
