<?xml version="1.0" encoding="UTF-8"?>
<testsuite xmlns:xsi="http://www.w3.org/2001/XMLSchema-instance" xsi:noNamespaceSchemaLocation="https://maven.apache.org/surefire/maven-surefire-plugin/xsd/surefire-test-report.xsd" name="TestSuite" time="31.114" tests="56" errors="0" skipped="0" failures="0">
  <properties>
[...]
</properties>
  <testcase name="createNull" classname="cz.muni.fi.pa165.smartphonEShop.dao.AddressDaoTest" time="0.002"/>
  <testcase name="delete" classname="cz.muni.fi.pa165.smartphonEShop.dao.AddressDaoTest" time="0.274"/>
  <testcase name="deleteNull" classname="cz.muni.fi.pa165.smartphonEShop.dao.AddressDaoTest" time="0"/>
  <testcase name="findAll" classname="cz.muni.fi.pa165.smartphonEShop.dao.AddressDaoTest" time="0.039"/>
  <testcase name="findById" classname="cz.muni.fi.pa165.smartphonEShop.dao.AddressDaoTest" time="0.006"/>
  <testcase name="findByIdNegative" classname="cz.muni.fi.pa165.smartphonEShop.dao.AddressDaoTest" time="0"/>
  <testcase name="findByIdNull" classname="cz.muni.fi.pa165.smartphonEShop.dao.AddressDaoTest" time="0"/>
  <testcase name="update" classname="cz.muni.fi.pa165.smartphonEShop.dao.AddressDaoTest" time="0.006"/>
  <testcase name="updateNull" classname="cz.muni.fi.pa165.smartphonEShop.dao.AddressDaoTest" time="0"/>
  <testcase name="create" classname="cz.muni.fi.pa165.smartphonEShop.dao.ClaimDaoTest" time="0.245"/>
  <testcase name="createNull" classname="cz.muni.fi.pa165.smartphonEShop.dao.ClaimDaoTest" time="0"/>
  <testcase name="delete" classname="cz.muni.fi.pa165.smartphonEShop.dao.ClaimDaoTest" time="0.247"/>
  <testcase name="deleteNull" classname="cz.muni.fi.pa165.smartphonEShop.dao.ClaimDaoTest" time="0"/>
  <testcase name="findAll" classname="cz.muni.fi.pa165.smartphonEShop.dao.ClaimDaoTest" time="0.082"/>
  <testcase name="findById" classname="cz.muni.fi.pa165.smartphonEShop.dao.ClaimDaoTest" time="0.011"/>
  <testcase name="findByIdNegative" classname="cz.muni.fi.pa165.smartphonEShop.dao.ClaimDaoTest" time="0"/>
  <testcase name="findByIdNull" classname="cz.muni.fi.pa165.smartphonEShop.dao.ClaimDaoTest" time="0"/>
  <testcase name="update" classname="cz.muni.fi.pa165.smartphonEShop.dao.ClaimDaoTest" time="0.005"/>
  <testcase name="updateNull" classname="cz.muni.fi.pa165.smartphonEShop.dao.ClaimDaoTest" time="0"/>
  <testcase name="create" classname="cz.muni.fi.pa165.smartphonEShop.dao.OrderDaoTest" time="0.004"/>
  <testcase name="createNull" classname="cz.muni.fi.pa165.smartphonEShop.dao.OrderDaoTest" time="0"/>
  <testcase name="delete" classname="cz.muni.fi.pa165.smartphonEShop.dao.OrderDaoTest" time="0.203"/>
  <testcase name="deleteNull" classname="cz.muni.fi.pa165.smartphonEShop.dao.OrderDaoTest" time="0"/>
  <testcase name="findAll" classname="cz.muni.fi.pa165.smartphonEShop.dao.OrderDaoTest" time="0.082"/>
  <testcase name="findById" classname="cz.muni.fi.pa165.smartphonEShop.dao.OrderDaoTest" time="0.073"/>
  <testcase name="findByIdNegative" classname="cz.muni.fi.pa165.smartphonEShop.dao.OrderDaoTest" time="0.001"/>
  <testcase name="findByIdNull" classname="cz.muni.fi.pa165.smartphonEShop.dao.OrderDaoTest" time="0"/>
  <testcase name="update" classname="cz.muni.fi.pa165.smartphonEShop.dao.OrderDaoTest" time="0.006"/>
  <testcase name="updateNull" classname="cz.muni.fi.pa165.smartphonEShop.dao.OrderDaoTest" time="0"/>
  <testcase name="createNull" classname="cz.muni.fi.pa165.smartphonEShop.dao.PersonDaoTest" time="0"/>
  <testcase name="delete" classname="cz.muni.fi.pa165.smartphonEShop.dao.PersonDaoTest" time="0.17"/>
  <testcase name="deleteNull" classname="cz.muni.fi.pa165.smartphonEShop.dao.PersonDaoTest" time="0"/>
  <testcase name="findAll" classname="cz.muni.fi.pa165.smartphonEShop.dao.PersonDaoTest" time="0.045"/>
  <testcase name="findById" classname="cz.muni.fi.pa165.smartphonEShop.dao.PersonDaoTest" time="0.006"/>
  <testcase name="findByIdNegative" classname="cz.muni.fi.pa165.smartphonEShop.dao.PersonDaoTest" time="0"/>
  <testcase name="findByIdNull" classname="cz.muni.fi.pa165.smartphonEShop.dao.PersonDaoTest" time="0"/>
  <testcase name="update" classname="cz.muni.fi.pa165.smartphonEShop.dao.PersonDaoTest" time="0.006"/>
  <testcase name="updateNull" classname="cz.muni.fi.pa165.smartphonEShop.dao.PersonDaoTest" time="0"/>
  <testcase name="createNull" classname="cz.muni.fi.pa165.smartphonEShop.dao.PhoneDaoTest" time="0"/>
  <testcase name="delete" classname="cz.muni.fi.pa165.smartphonEShop.dao.PhoneDaoTest" time="0.223"/>
  <testcase name="deleteNull" classname="cz.muni.fi.pa165.smartphonEShop.dao.PhoneDaoTest" time="0"/>
  <testcase name="findAll" classname="cz.muni.fi.pa165.smartphonEShop.dao.PhoneDaoTest" time="0.104"/>
  <testcase name="findById" classname="cz.muni.fi.pa165.smartphonEShop.dao.PhoneDaoTest" time="0.068"/>
  <testcase name="findByIdNegative" classname="cz.muni.fi.pa165.smartphonEShop.dao.PhoneDaoTest" time="0"/>
  <testcase name="findByIdNull" classname="cz.muni.fi.pa165.smartphonEShop.dao.PhoneDaoTest" time="0"/>
  <testcase name="update" classname="cz.muni.fi.pa165.smartphonEShop.dao.PhoneDaoTest" time="0.015"/>
  <testcase name="updateNull" classname="cz.muni.fi.pa165.smartphonEShop.dao.PhoneDaoTest" time="0"/>
  <testcase name="createNull" classname="cz.muni.fi.pa165.smartphonEShop.dao.StockDaoTest" time="0"/>
  <testcase name="delete" classname="cz.muni.fi.pa165.smartphonEShop.dao.StockDaoTest" time="0.067"/>
  <testcase name="deleteNull" classname="cz.muni.fi.pa165.smartphonEShop.dao.StockDaoTest" time="0"/>
  <testcase name="findAll" classname="cz.muni.fi.pa165.smartphonEShop.dao.StockDaoTest" time="0.052"/>
  <testcase name="findById" classname="cz.muni.fi.pa165.smartphonEShop.dao.StockDaoTest" time="0.02"/>
  <testcase name="findByIdNegative" classname="cz.muni.fi.pa165.smartphonEShop.dao.StockDaoTest" time="0"/>
  <testcase name="findByIdNull" classname="cz.muni.fi.pa165.smartphonEShop.dao.StockDaoTest" time="0"/>
  <testcase name="update" classname="cz.muni.fi.pa165.smartphonEShop.dao.StockDaoTest" time="0.008"/>
  <testcase name="updateNull" classname="cz.muni.fi.pa165.smartphonEShop.dao.StockDaoTest" time="0"/>
</testsuite>