<?xml version="1.0" encoding="UTF-8"?>
<testsuite xmlns:xsi="http://www.w3.org/2001/XMLSchema-instance" xsi:noNamespaceSchemaLocation="https://maven.apache.org/surefire/maven-surefire-plugin/xsd/surefire-test-report.xsd" name="TestSuite" time="10.846" tests="56" errors="0" skipped="0" failures="0">
  <properties>
[...]
</properties>
  <testcase name="createNull" classname="cz.muni.fi.pa165.smartphonEShop.dao.PhoneDaoTest" time="0.006"/>
  <testcase name="delete" classname="cz.muni.fi.pa165.smartphonEShop.dao.PhoneDaoTest" time="0.403"/>
  <testcase name="deleteNull" classname="cz.muni.fi.pa165.smartphonEShop.dao.PhoneDaoTest" time="0"/>
  <testcase name="findAll" classname="cz.muni.fi.pa165.smartphonEShop.dao.PhoneDaoTest" time="0.025"/>
  <testcase name="findById" classname="cz.muni.fi.pa165.smartphonEShop.dao.PhoneDaoTest" time="0.013"/>
  <testcase name="findByIdNegative" classname="cz.muni.fi.pa165.smartphonEShop.dao.PhoneDaoTest" time="0"/>
  <testcase name="findByIdNull" classname="cz.muni.fi.pa165.smartphonEShop.dao.PhoneDaoTest" time="0.001"/>
  <testcase name="update" classname="cz.muni.fi.pa165.smartphonEShop.dao.PhoneDaoTest" time="0.006"/>
  <testcase name="updateNull" classname="cz.muni.fi.pa165.smartphonEShop.dao.PhoneDaoTest" time="0"/>
  <testcase name="createNull" classname="cz.muni.fi.pa165.smartphonEShop.dao.StockDaoTest" time="0"/>
  <testcase name="delete" classname="cz.muni.fi.pa165.smartphonEShop.dao.StockDaoTest" time="0.018"/>
  <testcase name="deleteNull" classname="cz.muni.fi.pa165.smartphonEShop.dao.StockDaoTest" time="0"/>
  <testcase name="findAll" classname="cz.muni.fi.pa165.smartphonEShop.dao.StockDaoTest" time="0.038"/>
  <testcase name="findById" classname="cz.muni.fi.pa165.smartphonEShop.dao.StockDaoTest" time="0.003"/>
  <testcase name="findByIdNegative" classname="cz.muni.fi.pa165.smartphonEShop.dao.StockDaoTest" time="0.001"/>
  <testcase name="findByIdNull" classname="cz.muni.fi.pa165.smartphonEShop.dao.StockDaoTest" time="0.001"/>
  <testcase name="update" classname="cz.muni.fi.pa165.smartphonEShop.dao.StockDaoTest" time="0.002"/>
  <testcase name="updateNull" classname="cz.muni.fi.pa165.smartphonEShop.dao.StockDaoTest" time="0"/>
  <testcase name="createNull" classname="cz.muni.fi.pa165.smartphonEShop.dao.PersonDaoTest" time="0"/>
  <testcase name="delete" classname="cz.muni.fi.pa165.smartphonEShop.dao.PersonDaoTest" time="0.197"/>
  <testcase name="deleteNull" classname="cz.muni.fi.pa165.smartphonEShop.dao.PersonDaoTest" time="0"/>
  <testcase name="findAll" classname="cz.muni.fi.pa165.smartphonEShop.dao.PersonDaoTest" time="0.029"/>
  <testcase name="findById" classname="cz.muni.fi.pa165.smartphonEShop.dao.PersonDaoTest" time="0.005"/>
  <testcase name="findByIdNegative" classname="cz.muni.fi.pa165.smartphonEShop.dao.PersonDaoTest" time="0.001"/>
  <testcase name="findByIdNull" classname="cz.muni.fi.pa165.smartphonEShop.dao.PersonDaoTest" time="0"/>
  <testcase name="update" classname="cz.muni.fi.pa165.smartphonEShop.dao.PersonDaoTest" time="0.001"/>
  <testcase name="updateNull" classname="cz.muni.fi.pa165.smartphonEShop.dao.PersonDaoTest" time="0"/>
  <testcase name="create" classname="cz.muni.fi.pa165.smartphonEShop.dao.ClaimDaoTest" time="0.051"/>
  <testcase name="createNull" classname="cz.muni.fi.pa165.smartphonEShop.dao.ClaimDaoTest" time="0.001"/>
  <testcase name="delete" classname="cz.muni.fi.pa165.smartphonEShop.dao.ClaimDaoTest" time="0.068"/>
  <testcase name="deleteNull" classname="cz.muni.fi.pa165.smartphonEShop.dao.ClaimDaoTest" time="0"/>
  <testcase name="findAll" classname="cz.muni.fi.pa165.smartphonEShop.dao.ClaimDaoTest" time="0.016"/>
  <testcase name="findById" classname="cz.muni.fi.pa165.smartphonEShop.dao.ClaimDaoTest" time="0.002"/>
  <testcase name="findByIdNegative" classname="cz.muni.fi.pa165.smartphonEShop.dao.ClaimDaoTest" time="0"/>
  <testcase name="findByIdNull" classname="cz.muni.fi.pa165.smartphonEShop.dao.ClaimDaoTest" time="0.001"/>
  <testcase name="update" classname="cz.muni.fi.pa165.smartphonEShop.dao.ClaimDaoTest" time="0.005"/>
  <testcase name="updateNull" classname="cz.muni.fi.pa165.smartphonEShop.dao.ClaimDaoTest" time="0.001"/>
  <testcase name="createNull" classname="cz.muni.fi.pa165.smartphonEShop.dao.AddressDaoTest" time="0.004"/>
  <testcase name="delete" classname="cz.muni.fi.pa165.smartphonEShop.dao.AddressDaoTest" time="0.033"/>
  <testcase name="deleteNull" classname="cz.muni.fi.pa165.smartphonEShop.dao.AddressDaoTest" time="0"/>
  <testcase name="findAll" classname="cz.muni.fi.pa165.smartphonEShop.dao.AddressDaoTest" time="0.009"/>
  <testcase name="findById" classname="cz.muni.fi.pa165.smartphonEShop.dao.AddressDaoTest" time="0.002"/>
  <testcase name="findByIdNegative" classname="cz.muni.fi.pa165.smartphonEShop.dao.AddressDaoTest" time="0"/>
  <testcase name="findByIdNull" classname="cz.muni.fi.pa165.smartphonEShop.dao.AddressDaoTest" time="0"/>
  <testcase name="update" classname="cz.muni.fi.pa165.smartphonEShop.dao.AddressDaoTest" time="0"/>
  <testcase name="updateNull" classname="cz.muni.fi.pa165.smartphonEShop.dao.AddressDaoTest" time="0"/>
  <testcase name="create" classname="cz.muni.fi.pa165.smartphonEShop.dao.OrderDaoTest" time="0.001"/>
  <testcase name="createNull" classname="cz.muni.fi.pa165.smartphonEShop.dao.OrderDaoTest" time="0"/>
  <testcase name="delete" classname="cz.muni.fi.pa165.smartphonEShop.dao.OrderDaoTest" time="0.106"/>
  <testcase name="deleteNull" classname="cz.muni.fi.pa165.smartphonEShop.dao.OrderDaoTest" time="0.001"/>
  <testcase name="findAll" classname="cz.muni.fi.pa165.smartphonEShop.dao.OrderDaoTest" time="0.015"/>
  <testcase name="findById" classname="cz.muni.fi.pa165.smartphonEShop.dao.OrderDaoTest" time="0.002"/>
  <testcase name="findByIdNegative" classname="cz.muni.fi.pa165.smartphonEShop.dao.OrderDaoTest" time="0"/>
  <testcase name="findByIdNull" classname="cz.muni.fi.pa165.smartphonEShop.dao.OrderDaoTest" time="0"/>
  <testcase name="update" classname="cz.muni.fi.pa165.smartphonEShop.dao.OrderDaoTest" time="0"/>
  <testcase name="updateNull" classname="cz.muni.fi.pa165.smartphonEShop.dao.OrderDaoTest" time="0"/>
</testsuite>