<?xml version="1.0" encoding="UTF-8"?>
<!-- Generated by org.testng.reporters.JUnitXMLReporter -->
<testsuite hostname="placka" ignored="0" name="Surefire test" tests="56" failures="0" timestamp="2018-11-07T18:43:34 CET" time="9.903" errors="0">
  <testcase name="createNull" time="0.002" classname="cz.muni.fi.pa165.smartphonEShop.dao.PhoneDaoTest"/>
  <testcase name="delete" time="0.403" classname="cz.muni.fi.pa165.smartphonEShop.dao.PhoneDaoTest"/>
  <testcase name="deleteNull" time="0.0" classname="cz.muni.fi.pa165.smartphonEShop.dao.PhoneDaoTest"/>
  <testcase name="findAll" time="0.025" classname="cz.muni.fi.pa165.smartphonEShop.dao.PhoneDaoTest"/>
  <testcase name="findById" time="0.012" classname="cz.muni.fi.pa165.smartphonEShop.dao.PhoneDaoTest"/>
  <testcase name="findByIdNegative" time="0.0" classname="cz.muni.fi.pa165.smartphonEShop.dao.PhoneDaoTest"/>
  <testcase name="findByIdNull" time="0.0" classname="cz.muni.fi.pa165.smartphonEShop.dao.PhoneDaoTest"/>
  <testcase name="update" time="0.006" classname="cz.muni.fi.pa165.smartphonEShop.dao.PhoneDaoTest"/>
  <testcase name="updateNull" time="0.001" classname="cz.muni.fi.pa165.smartphonEShop.dao.PhoneDaoTest"/>
  <testcase name="createNull" time="0.0" classname="cz.muni.fi.pa165.smartphonEShop.dao.StockDaoTest"/>
  <testcase name="delete" time="0.019" classname="cz.muni.fi.pa165.smartphonEShop.dao.StockDaoTest"/>
  <testcase name="deleteNull" time="0.0" classname="cz.muni.fi.pa165.smartphonEShop.dao.StockDaoTest"/>
  <testcase name="findAll" time="0.038" classname="cz.muni.fi.pa165.smartphonEShop.dao.StockDaoTest"/>
  <testcase name="findById" time="0.004" classname="cz.muni.fi.pa165.smartphonEShop.dao.StockDaoTest"/>
  <testcase name="findByIdNegative" time="0.001" classname="cz.muni.fi.pa165.smartphonEShop.dao.StockDaoTest"/>
  <testcase name="findByIdNull" time="0.0" classname="cz.muni.fi.pa165.smartphonEShop.dao.StockDaoTest"/>
  <testcase name="update" time="0.002" classname="cz.muni.fi.pa165.smartphonEShop.dao.StockDaoTest"/>
  <testcase name="updateNull" time="0.0" classname="cz.muni.fi.pa165.smartphonEShop.dao.StockDaoTest"/>
  <testcase name="createNull" time="0.001" classname="cz.muni.fi.pa165.smartphonEShop.dao.PersonDaoTest"/>
  <testcase name="delete" time="0.197" classname="cz.muni.fi.pa165.smartphonEShop.dao.PersonDaoTest"/>
  <testcase name="deleteNull" time="0.0" classname="cz.muni.fi.pa165.smartphonEShop.dao.PersonDaoTest"/>
  <testcase name="findAll" time="0.029" classname="cz.muni.fi.pa165.smartphonEShop.dao.PersonDaoTest"/>
  <testcase name="findById" time="0.005" classname="cz.muni.fi.pa165.smartphonEShop.dao.PersonDaoTest"/>
  <testcase name="findByIdNegative" time="0.001" classname="cz.muni.fi.pa165.smartphonEShop.dao.PersonDaoTest"/>
  <testcase name="findByIdNull" time="0.001" classname="cz.muni.fi.pa165.smartphonEShop.dao.PersonDaoTest"/>
  <testcase name="update" time="0.001" classname="cz.muni.fi.pa165.smartphonEShop.dao.PersonDaoTest"/>
  <testcase name="updateNull" time="0.001" classname="cz.muni.fi.pa165.smartphonEShop.dao.PersonDaoTest"/>
  <testcase name="create" time="0.052" classname="cz.muni.fi.pa165.smartphonEShop.dao.ClaimDaoTest"/>
  <testcase name="createNull" time="0.0" classname="cz.muni.fi.pa165.smartphonEShop.dao.ClaimDaoTest"/>
  <testcase name="delete" time="0.065" classname="cz.muni.fi.pa165.smartphonEShop.dao.ClaimDaoTest"/>
  <testcase name="deleteNull" time="0.0" classname="cz.muni.fi.pa165.smartphonEShop.dao.ClaimDaoTest"/>
  <testcase name="findAll" time="0.017" classname="cz.muni.fi.pa165.smartphonEShop.dao.ClaimDaoTest"/>
  <testcase name="findById" time="0.002" classname="cz.muni.fi.pa165.smartphonEShop.dao.ClaimDaoTest"/>
  <testcase name="findByIdNegative" time="0.0" classname="cz.muni.fi.pa165.smartphonEShop.dao.ClaimDaoTest"/>
  <testcase name="findByIdNull" time="0.001" classname="cz.muni.fi.pa165.smartphonEShop.dao.ClaimDaoTest"/>
  <testcase name="update" time="0.005" classname="cz.muni.fi.pa165.smartphonEShop.dao.ClaimDaoTest"/>
  <testcase name="updateNull" time="0.001" classname="cz.muni.fi.pa165.smartphonEShop.dao.ClaimDaoTest"/>
  <testcase name="createNull" time="0.005" classname="cz.muni.fi.pa165.smartphonEShop.dao.AddressDaoTest"/>
  <testcase name="delete" time="0.034" classname="cz.muni.fi.pa165.smartphonEShop.dao.AddressDaoTest"/>
  <testcase name="deleteNull" time="0.0" classname="cz.muni.fi.pa165.smartphonEShop.dao.AddressDaoTest"/>
  <testcase name="findAll" time="0.009" classname="cz.muni.fi.pa165.smartphonEShop.dao.AddressDaoTest"/>
  <testcase name="findById" time="0.002" classname="cz.muni.fi.pa165.smartphonEShop.dao.AddressDaoTest"/>
  <testcase name="findByIdNegative" time="0.0" classname="cz.muni.fi.pa165.smartphonEShop.dao.AddressDaoTest"/>
  <testcase name="findByIdNull" time="0.001" classname="cz.muni.fi.pa165.smartphonEShop.dao.AddressDaoTest"/>
  <testcase name="update" time="0.001" classname="cz.muni.fi.pa165.smartphonEShop.dao.AddressDaoTest"/>
  <testcase name="updateNull" time="0.0" classname="cz.muni.fi.pa165.smartphonEShop.dao.AddressDaoTest"/>
  <testcase name="create" time="0.001" classname="cz.muni.fi.pa165.smartphonEShop.dao.OrderDaoTest"/>
  <testcase name="createNull" time="0.0" classname="cz.muni.fi.pa165.smartphonEShop.dao.OrderDaoTest"/>
  <testcase name="delete" time="0.107" classname="cz.muni.fi.pa165.smartphonEShop.dao.OrderDaoTest"/>
  <testcase name="deleteNull" time="0.001" classname="cz.muni.fi.pa165.smartphonEShop.dao.OrderDaoTest"/>
  <testcase name="findAll" time="0.015" classname="cz.muni.fi.pa165.smartphonEShop.dao.OrderDaoTest"/>
  <testcase name="findById" time="0.001" classname="cz.muni.fi.pa165.smartphonEShop.dao.OrderDaoTest"/>
  <testcase name="findByIdNegative" time="0.0" classname="cz.muni.fi.pa165.smartphonEShop.dao.OrderDaoTest"/>
  <testcase name="findByIdNull" time="0.0" classname="cz.muni.fi.pa165.smartphonEShop.dao.OrderDaoTest"/>
  <testcase name="update" time="0.001" classname="cz.muni.fi.pa165.smartphonEShop.dao.OrderDaoTest"/>
  <testcase name="updateNull" time="0.0" classname="cz.muni.fi.pa165.smartphonEShop.dao.OrderDaoTest"/>
</testsuite> <!-- Surefire test -->
