<?xml version="1.0" encoding="UTF-8"?>
<!-- Generated by org.testng.reporters.JUnitReportReporter -->
<testsuite hostname="DESKTOP-U82BQEA" failures="0" tests="9" name="cz.muni.fi.pa165.smartphonEShop.dao.PersonDaoTest" time="0.357" errors="0" timestamp="2018-10-29T21:28:39 SEČ" skipped="0">
  <testcase classname="cz.muni.fi.pa165.smartphonEShop.dao.PersonDaoTest" name="findByIdNull" time="0.034"/>
  <testcase classname="cz.muni.fi.pa165.smartphonEShop.dao.PersonDaoTest" name="findByIdNegative" time="0.007"/>
  <testcase classname="cz.muni.fi.pa165.smartphonEShop.dao.PersonDaoTest" name="createNull" time="0.020"/>
  <testcase classname="cz.muni.fi.pa165.smartphonEShop.dao.PersonDaoTest" name="delete" time="0.135"/>
  <testcase classname="cz.muni.fi.pa165.smartphonEShop.dao.PersonDaoTest" name="findAll" time="0.082"/>
  <testcase classname="cz.muni.fi.pa165.smartphonEShop.dao.PersonDaoTest" name="deleteNull" time="0.028"/>
  <testcase classname="cz.muni.fi.pa165.smartphonEShop.dao.PersonDaoTest" name="updateNull" time="0.013"/>
  <testcase classname="cz.muni.fi.pa165.smartphonEShop.dao.PersonDaoTest" name="findById" time="0.023"/>
  <testcase classname="cz.muni.fi.pa165.smartphonEShop.dao.PersonDaoTest" name="update" time="0.015"/>
</testsuite> <!-- cz.muni.fi.pa165.smartphonEShop.dao.PersonDaoTest -->
