<?xml version="1.0" encoding="UTF-8"?>
<!-- Generated by org.testng.reporters.JUnitReportReporter -->
<testsuite hostname="DESKTOP-U82BQEA" failures="0" tests="9" name="cz.muni.fi.pa165.smartphonEShop.dao.PhoneDaoTest" time="0.414" errors="0" timestamp="2018-10-29T21:28:39 SEČ" skipped="0">
  <testcase classname="cz.muni.fi.pa165.smartphonEShop.dao.PhoneDaoTest" name="findById" time="0.029"/>
  <testcase classname="cz.muni.fi.pa165.smartphonEShop.dao.PhoneDaoTest" name="findByIdNegative" time="0.025"/>
  <testcase classname="cz.muni.fi.pa165.smartphonEShop.dao.PhoneDaoTest" name="findByIdNull" time="0.015"/>
  <testcase classname="cz.muni.fi.pa165.smartphonEShop.dao.PhoneDaoTest" name="delete" time="0.220"/>
  <testcase classname="cz.muni.fi.pa165.smartphonEShop.dao.PhoneDaoTest" name="findAll" time="0.046"/>
  <testcase classname="cz.muni.fi.pa165.smartphonEShop.dao.PhoneDaoTest" name="deleteNull" time="0.008"/>
  <testcase classname="cz.muni.fi.pa165.smartphonEShop.dao.PhoneDaoTest" name="updateNull" time="0.008"/>
  <testcase classname="cz.muni.fi.pa165.smartphonEShop.dao.PhoneDaoTest" name="update" time="0.013"/>
  <testcase classname="cz.muni.fi.pa165.smartphonEShop.dao.PhoneDaoTest" name="createNull" time="0.050"/>
</testsuite> <!-- cz.muni.fi.pa165.smartphonEShop.dao.PhoneDaoTest -->
