<?xml version="1.0" encoding="UTF-8"?>
<!-- Generated by org.testng.reporters.JUnitReportReporter -->
<testsuite hostname="DESKTOP-U82BQEA" failures="0" tests="10" name="cz.muni.fi.pa165.smartphonEShop.dao.OrderDaoTest" time="0.624" errors="0" timestamp="2018-10-29T21:28:39 SEČ" skipped="0">
  <testcase classname="cz.muni.fi.pa165.smartphonEShop.dao.OrderDaoTest" name="findByIdNegative" time="0.019"/>
  <testcase classname="cz.muni.fi.pa165.smartphonEShop.dao.OrderDaoTest" name="create" time="0.114"/>
  <testcase classname="cz.muni.fi.pa165.smartphonEShop.dao.OrderDaoTest" name="findById" time="0.047"/>
  <testcase classname="cz.muni.fi.pa165.smartphonEShop.dao.OrderDaoTest" name="createNull" time="0.024"/>
  <testcase classname="cz.muni.fi.pa165.smartphonEShop.dao.OrderDaoTest" name="findAll" time="0.063"/>
  <testcase classname="cz.muni.fi.pa165.smartphonEShop.dao.OrderDaoTest" name="findByIdNull" time="0.028"/>
  <testcase classname="cz.muni.fi.pa165.smartphonEShop.dao.OrderDaoTest" name="deleteNull" time="0.029"/>
  <testcase classname="cz.muni.fi.pa165.smartphonEShop.dao.OrderDaoTest" name="delete" time="0.247"/>
  <testcase classname="cz.muni.fi.pa165.smartphonEShop.dao.OrderDaoTest" name="updateNull" time="0.022"/>
  <testcase classname="cz.muni.fi.pa165.smartphonEShop.dao.OrderDaoTest" name="update" time="0.031"/>
</testsuite> <!-- cz.muni.fi.pa165.smartphonEShop.dao.OrderDaoTest -->
