<?xml version="1.0" encoding="UTF-8"?>
<!-- Generated by org.testng.reporters.JUnitReportReporter -->
<testsuite hostname="DESKTOP-U82BQEA" failures="0" tests="9" name="cz.muni.fi.pa165.smartphonEShop.dao.AddressDaoTest" time="1.513" errors="0" timestamp="2018-10-29T21:28:39 SEČ" skipped="0">
  <testcase classname="cz.muni.fi.pa165.smartphonEShop.dao.AddressDaoTest" name="findAll" time="0.052"/>
  <testcase classname="cz.muni.fi.pa165.smartphonEShop.dao.AddressDaoTest" name="createNull" time="0.062"/>
  <testcase classname="cz.muni.fi.pa165.smartphonEShop.dao.AddressDaoTest" name="deleteNull" time="0.014"/>
  <testcase classname="cz.muni.fi.pa165.smartphonEShop.dao.AddressDaoTest" name="update" time="0.042"/>
  <testcase classname="cz.muni.fi.pa165.smartphonEShop.dao.AddressDaoTest" name="updateNull" time="0.330"/>
  <testcase classname="cz.muni.fi.pa165.smartphonEShop.dao.AddressDaoTest" name="findById" time="0.023"/>
  <testcase classname="cz.muni.fi.pa165.smartphonEShop.dao.AddressDaoTest" name="findByIdNegative" time="0.028"/>
  <testcase classname="cz.muni.fi.pa165.smartphonEShop.dao.AddressDaoTest" name="findByIdNull" time="0.018"/>
  <testcase classname="cz.muni.fi.pa165.smartphonEShop.dao.AddressDaoTest" name="delete" time="0.944"/>
</testsuite> <!-- cz.muni.fi.pa165.smartphonEShop.dao.AddressDaoTest -->
