<?xml version="1.0" encoding="UTF-8"?>
<!-- Generated by org.testng.reporters.JUnitReportReporter -->
<testsuite hostname="DESKTOP-U82BQEA" failures="0" tests="10" name="cz.muni.fi.pa165.smartphonEShop.dao.ClaimDaoTest" time="1.094" errors="0" timestamp="2018-10-29T21:28:39 SEČ" skipped="0">
  <testcase classname="cz.muni.fi.pa165.smartphonEShop.dao.ClaimDaoTest" name="update" time="0.063"/>
  <testcase classname="cz.muni.fi.pa165.smartphonEShop.dao.ClaimDaoTest" name="findByIdNegative" time="0.028"/>
  <testcase classname="cz.muni.fi.pa165.smartphonEShop.dao.ClaimDaoTest" name="create" time="0.217"/>
  <testcase classname="cz.muni.fi.pa165.smartphonEShop.dao.ClaimDaoTest" name="createNull" time="0.075"/>
  <testcase classname="cz.muni.fi.pa165.smartphonEShop.dao.ClaimDaoTest" name="findAll" time="0.259"/>
  <testcase classname="cz.muni.fi.pa165.smartphonEShop.dao.ClaimDaoTest" name="deleteNull" time="0.042"/>
  <testcase classname="cz.muni.fi.pa165.smartphonEShop.dao.ClaimDaoTest" name="findById" time="0.038"/>
  <testcase classname="cz.muni.fi.pa165.smartphonEShop.dao.ClaimDaoTest" name="delete" time="0.288"/>
  <testcase classname="cz.muni.fi.pa165.smartphonEShop.dao.ClaimDaoTest" name="updateNull" time="0.042"/>
  <testcase classname="cz.muni.fi.pa165.smartphonEShop.dao.ClaimDaoTest" name="findByIdNull" time="0.042"/>
</testsuite> <!-- cz.muni.fi.pa165.smartphonEShop.dao.ClaimDaoTest -->
