<?xml version="1.0" encoding="UTF-8"?>
<!-- Generated by org.testng.reporters.JUnitReportReporter -->
<testsuite hostname="DESKTOP-U82BQEA" failures="0" tests="9" name="cz.muni.fi.pa165.smartphonEShop.dao.StockDaoTest" time="0.289" errors="0" timestamp="2018-10-29T21:28:39 SEČ" skipped="0">
  <testcase classname="cz.muni.fi.pa165.smartphonEShop.dao.StockDaoTest" name="findByIdNegative" time="0.035"/>
  <testcase classname="cz.muni.fi.pa165.smartphonEShop.dao.StockDaoTest" name="deleteNull" time="0.009"/>
  <testcase classname="cz.muni.fi.pa165.smartphonEShop.dao.StockDaoTest" name="findById" time="0.032"/>
  <testcase classname="cz.muni.fi.pa165.smartphonEShop.dao.StockDaoTest" name="findAll" time="0.032"/>
  <testcase classname="cz.muni.fi.pa165.smartphonEShop.dao.StockDaoTest" name="delete" time="0.103"/>
  <testcase classname="cz.muni.fi.pa165.smartphonEShop.dao.StockDaoTest" name="updateNull" time="0.043"/>
  <testcase classname="cz.muni.fi.pa165.smartphonEShop.dao.StockDaoTest" name="findByIdNull" time="0.009"/>
  <testcase classname="cz.muni.fi.pa165.smartphonEShop.dao.StockDaoTest" name="update" time="0.019"/>
  <testcase classname="cz.muni.fi.pa165.smartphonEShop.dao.StockDaoTest" name="createNull" time="0.007"/>
</testsuite> <!-- cz.muni.fi.pa165.smartphonEShop.dao.StockDaoTest -->
